[2024-08-07T17:36:12.327Z] Started by upstream project "[8mha:////4A/E52RjMSjLV50XsoQCjcKoZBMRkYiZefpF8TcedqcoAAAApB+LCAAAAAAAAP9b85aBtbiIQTGjNKU4P08vOT+vOD8nVc83PyU1x6OyILUoJzMv2y+/JJUBAhiZGBgqihhk0NSjKDWzXb3RdlLBUSYGJk8GtpzUvPSSDB8G5tKinBIGIZ+sxLJE/ZzEvHT94JKizLx0a6BxUmjGOUNodHsLgAzhEgZJ/az8JP2CzIJUoI2p8QYG8bmJeYnpqUX6AMBJpHLOAAAA[0mpipeline_00_manager" build number [8mha:////4AsZl+Shk/RliZ5fVYlBV2DqP8uptsMrEB8XMsFoLW1jAAAAph+LCAAAAAAAAP9b85aBtbiIQTGjNKU4P08vOT+vOD8nVc83PyU1x6OyILUoJzMv2y+/JJUBAhiZGBgqihhk0NSjKDWzXb3RdlLBUSYGJk8GtpzUvPSSDB8G5tKinBIGIZ+sxLJE/ZzEvHT94JKizLx0a6BxUmjGOUNodHsLgAymEgZp/az8JP2CzIJUoI2p8QYG8bmJeYnpqUX6RpYAow2k1NAAAAA=[0m29
[2024-08-07T17:36:12.327Z] originally caused by:
[2024-08-07T17:36:12.327Z]  Started by remote host 192.168.65.1
[2024-08-07T17:36:12.993Z] Obtained jenkins_pipelines/Jenkinsfile_03_Tests from git https://github.com/orinahum/Jenkins_Pipeline_Task.git
[2024-08-07T17:36:13.084Z] [8mha:////4Im7xsHvhSLTy8ROZJIWVwLklJUx48X+VsMLzgQmmp8MAAAAoh+LCAAAAAAAAP9tjTEOwjAQBM8BClpKHuFItIiK1krDC0x8GCfWnbEdkooX8TX+gCESFVvtrLSa5wtWKcKBo5UdUu8otU4GP9jS5Mixv3geZcdn2TIl9igbHBs2eJyx4YwwR1SwULBGaj0nRzbDRnX6rmuvydanHMu2V1A5c4MHCFXMWcf8hSnC9jqYxPTz/BXAFEIGsfuclm8zQVqFvQAAAA==[0m[Pipeline] Start of Pipeline
[2024-08-07T17:36:13.287Z] [8mha:////4GhypCCdMlEtxjW6RzCOpBRsb46PUl0yBgHknhgAy5W5AAAApR+LCAAAAAAAAP9tjTEOwjAUQ3+KOrAycohUghExsUZZOEFIQkgb/d8mKe3EibgadyBQiQlLlmxL1nu+oE4RjhQdby12HpP2vA+jK4lPFLtroIm3dOGaMFGwXNpJkrGnpUrKFhaxClYC1hZ1oOTRZdiIVt1VExS65pxj2Q4CKm8GeAAThZxVzN8yR9jeRpMIf5y/AJj7DGxXvP/86jduZBmjwAAAAA==[0m[Pipeline] node
[2024-08-07T17:36:13.299Z] Running on [8mha:////4C28oUR1C7jTCG0l54Bdy2cLFZxEhJE4CmGDiCaSfs98AAAAoR+LCAAAAAAAAP9b85aBtbiIQTGjNKU4P08vOT+vOD8nVc83PyU1x6OyILUoJzMv2y+/JJUBAhiZGBgqihhk0NSjKDWzXb3RdlLBUSYGJk8GtpzUvPSSDB8G5tKinBIGIZ+sxLJE/ZzEvHT94JKizLx0a6BxUmjGOUNodHsLgAyOEgZR/eT83ILSktQi/fL8ouzUIlUjF0N9AEtot3/KAAAA[0mworker-1 in /home/jenkins/workspace/pipeline_03_tests
[2024-08-07T17:36:13.335Z] [8mha:////4EXLCzajK4iglacq9duTb374oVMkOAAGLegCf4wcqSU6AAAApR+LCAAAAAAAAP9tjTEOwjAUQ3+KOrAycoh0gA0xsUZZOEFIQkgb/d8mKe3EibgadyBQiQlLlmxL1nu+oE4RjhQdby12HpP2vA+jK4lPFLtroIm3dOGaMFGwXNpJkrGnpUrKFhaxClYC1hZ1oOTRZdiIVt1VExS65pxj2Q4CKm8GeAAThZxVzN8yR9jeRpMIf5y/AJj7DGxXvP/86jfoP95RwAAAAA==[0m[Pipeline] {
[2024-08-07T17:36:13.384Z] [8mha:////4Oj801IlRF+ItrztKZAFw4Rg2zyKo/Pa+inM+neY78hnAAAApR+LCAAAAAAAAP9tjTEOwjAUQ3+KOrAycoh0gQkxsUZZOEFIQkgb/d8mKe3EibgadyBQiQlLlmxL1nu+oE4RjhQdby12HpP2vA+jK4lPFLtroIm3dOGaMFGwXNpJkrGnpUrKFhaxClYC1hZ1oOTRZdiIVt1VExS65pxj2Q4CKm8GeAAThZxVzN8yR9jeRpMIf5y/AJj7DGxXvP/86jc09154wAAAAA==[0m[Pipeline] stage
[2024-08-07T17:36:13.387Z] [8mha:////4E0pXBlw/wbOwsejHKMtSRgKoH3rcRiCuhGyrD/9Opk0AAAApR+LCAAAAAAAAP9tjTEOwjAUQ3+KOrAycoh0ggUxsUZZOEFIQkgb/d8mKe3EibgadyBQiQlLlmxL1nu+oE4RjhQdby12HpP2vA+jK4lPFLtroIm3dOGaMFGwXNpJkrGnpUrKFhaxClYC1hZ1oOTRZdiIVt1VExS65pxj2Q4CKm8GeAAThZxVzN8yR9jeRpMIf5y/AJj7DGxXvP/86jek7ggRwAAAAA==[0m[Pipeline] { (Declarative: Checkout SCM)
[2024-08-07T17:36:13.432Z] [8mha:////4M13/ZdsGJ7jFzXgofHBnac1T8mrO1+ivpid/joBZ05KAAAAoh+LCAAAAAAAAP9tjTEOAiEURD9rLGwtPQTbaWGsbAmNJ0AWEZb8zwLrbuWJvJp3kLiJlZNMMm+a93rDOic4UbLcG+wdZu14DKOti0+U+lugiXu6ck2YKRguzSSpM+cFJRUDS1gDKwEbgzpQdmgLbIVXD9UGhba9lFS/o4DGdQM8gYlqLiqVL8wJdvexy4Q/z18BzLEA29ce4gfg7KmOvAAAAA==[0m[Pipeline] checkout
[2024-08-07T17:36:13.451Z] The recommended git tool is: git
[2024-08-07T17:36:13.471Z] No credentials specified
[2024-08-07T17:36:13.478Z] Cloning the remote Git repository
[2024-08-07T17:36:13.485Z] Cloning repository https://github.com/orinahum/Jenkins_Pipeline_Task.git
[2024-08-07T17:36:13.488Z]  > git init /home/jenkins/workspace/pipeline_03_tests # timeout=10
[2024-08-07T17:36:13.501Z] Fetching upstream changes from https://github.com/orinahum/Jenkins_Pipeline_Task.git
[2024-08-07T17:36:13.502Z]  > git --version # timeout=10
[2024-08-07T17:36:13.504Z]  > git --version # 'git version 2.39.2'
[2024-08-07T17:36:13.504Z]  > git fetch --tags --force --progress -- https://github.com/orinahum/Jenkins_Pipeline_Task.git +refs/heads/*:refs/remotes/pipeline_03_tests_id/* # timeout=10
[2024-08-07T17:36:26.957Z] Avoid second fetch
[2024-08-07T17:36:26.966Z] Checking out Revision faecd90210165e60ff57a9eee69443991ce7e83c (refs/remotes/pipeline_03_tests_id/main)
[2024-08-07T17:36:26.903Z]  > git config remote.pipeline_03_tests_id.url https://github.com/orinahum/Jenkins_Pipeline_Task.git # timeout=10
[2024-08-07T17:36:26.922Z]  > git config --add remote.pipeline_03_tests_id.fetch +refs/heads/*:refs/remotes/pipeline_03_tests_id/* # timeout=10
[2024-08-07T17:36:26.960Z]  > git rev-parse refs/remotes/pipeline_03_tests_id/main^{commit} # timeout=10
[2024-08-07T17:36:26.969Z]  > git config core.sparsecheckout # timeout=10
[2024-08-07T17:36:26.973Z]  > git checkout -f faecd90210165e60ff57a9eee69443991ce7e83c # timeout=10
[2024-08-07T17:36:30.699Z] Commit message: "i belive"
[2024-08-07T17:36:30.702Z] First time build. Skipping changelog.
[2024-08-07T17:36:30.766Z] [8mha:////4Gry0B1L1FJVdDyQGCPKhq5gwsTnsGXFTEV2db0fSqoxAAAAoh+LCAAAAAAAAP9tjTEOAiEURD9rLGwtPQTbGRNjZUtoPAGyiLDkfxZYdytP5NW8g8RNrJxkknnTvNcb1jnBiZLl3mDvMGvHYxhtXXyi1N8CTdzTlWvCTMFwaSZJnTkvKKkYWMIaWAnYGNSBskNbYCu8eqg2KLTtpaT6HQU0rhvgCUxUc1GpfGFOsLuPXSb8ef4KYI6xADvU7j9Dg2gqvAAAAA==[0m[Pipeline] }
[2024-08-07T17:36:30.882Z] [8mha:////4ER3fTg46Lc2+aBnhKEDnB77KB6/ZdVLFon1zi207ESQAAAAoh+LCAAAAAAAAP9tjTEOAiEURD9rLGwtPQRbWRhjZUtoPAGyiLDkfxZYdytP5NW8g8RNrJxkknnTvNcb1jnBiZLl3mDvMGvHYxhtXXyi1N8CTdzTlWvCTMFwaSZJnTkvKKkYWMIaWAnYGNSBskNbYCu8eqg2KLTtpaT6HQU0rhvgCUxUc1GpfGFOsLuPXSb8ef4KYI6xADvU7j9J+wGOvAAAAA==[0m[Pipeline] // stage
[2024-08-07T17:36:30.898Z] [8mha:////4HQRt2iExnGs1EZouFRJ8IsIkK1u0Hu47WdgzUt6wSEgAAAAph+LCAAAAAAAAP9tjTEOwjAQBM9BKWgpeYQDEh2iorXc8AITG+PEugv2haTiRXyNPxCIRMVWOyut5vmCMic4UPKycdgGzHWQXez91ORAqb1EGmRDZ1kTZopOajdosu44oyZ2MEcUsFCwdFhHygE9w0o15m6qaNBXJ07TtldQBHuDBwg1mdkk/sKYYH3tbSb8ef4KYOwYxI6h2G4+x/INtuQqUcEAAAA=[0m[Pipeline] withEnv
[2024-08-07T17:36:30.901Z] [8mha:////4DZbFpEUvH+GnfXtF+HaKveQ+JXrWLrYJNF8QvBquFmrAAAApR+LCAAAAAAAAP9tjTEOwjAUQ3+DOrAycoiUzoiJNerCCUITQtLo/zZJSSdOxNW4Ay2VmPBg2Zas93pDGQOcKBjuNHYWY2t570czJ54pdDdPmTu68pYwkte80bkhpc9rbShpWFUw2AjYamw9RYsmwU44+ZCVl2iqSwrzdhTArBrgCYWYyUmG9C1TgP19VJHwx/kLgKlPwOrDYvXyLD8BobDcwgAAAA==[0m[Pipeline] {
[2024-08-07T17:36:30.991Z] [8mha:////4OSqDgnHpp//VFlpDB9PTvu3ck+9F0wVlofWht4KwnTfAAAAph+LCAAAAAAAAP9tjTEOwjAUQ3+LOrAycohUZUVMrFEWThCaEJJG/7dJSjpxIq7GHWipxIQHy7ZkvdcbqhjgRMEwp7GzGFvLej+aObFMobt5yszRlbWEkbxmQmdBSp/XKihpWFWUsOGw1dh6ihZNgh138iFrL9HUlxTm7cihtGqAJxR8JicZ0rdMAfb3UUXCH+cvAKY+Qdk0ix2WZ/UBbwyqm8IAAAA=[0m[Pipeline] stage
[2024-08-07T17:36:30.999Z] [8mha:////4FUMZ54QVqC7S7Tw01i+czI9UwVfoAaaUQb8HrqjAkilAAAAph+LCAAAAAAAAP9tjTEOwjAUQ3+LOrAycohUwIiYukZZOEFoQkgb/V9+UtqJE3E17kBLJSY8WLYl673eUESGE7ETjcXWY6y96ELvpiQG4vYaaBANXURNGClYoeygyNhqqYqShUVZDisJa4t1oOjRJdjIRj90GTS68px42o4Scm/u8IRMTuSkOX3LyLC99SYS/jh/ATB2CfLdfrbD/Cw+y7kUycIAAAA=[0m[Pipeline] { (Clone/Pull Git Details_App)
[2024-08-07T17:36:31.118Z] [8mha:////4HbfXARFKTQP7Eg+NVO4osyeQQIpU8h7lXKZVtiXgJxAAAAApB+LCAAAAAAAAP9tjTEOwjAQBC9BFLSUPOIiBB2iSmu54QUmNsaJdWdsh6TiRXyNPxCIRMUWq51t5vmCZYpw5GixNdQ5So3D4Hs7LRw4dhfPA7Z8xoYpsTcozSBZm3pGydnAnKKEhYCVocZzcmQzrEWr7qryimx1ynH6DgJKp2/wgEJM5qxi/sIYYXPtdWL6ef4KYAwZyu3uU/vwBgq0rvS+AAAA[0m[Pipeline] sh
[2024-08-07T17:36:31.674Z] + chmod +x scripts/00_git_details_app.sh
[2024-08-07T17:36:31.772Z] [8mha:////4LEGPXkCYbv2GhLw+SD00IFFx8mlnUQnrifrsB7JY9dBAAAApB+LCAAAAAAAAP9tjTEOwjAQBC9BFLSUPOIihKgQVVrLDS8wsTFOrDtjOyQVL+Jr/IFAJCq2WO1sM88XLFOEI0eLraHOUWocBt/baeHAsbt4HrDlMzZMib1BaQbJ2tQzSs4G5hQlLASsDDWekyObYS1adVeVV2SrU47TdxBQOn2DBxRiMmcV8xfGCJtrrxPTz/NXAGPIUG53n9qHN0uFte2+AAAA[0m[Pipeline] sh
[2024-08-07T17:36:32.089Z] + bash scripts/00_git_details_app.sh
[2024-08-07T17:36:32.089Z] git version 2.39.2
[2024-08-07T17:36:32.089Z] [+] Git is already installed
[2024-08-07T17:36:32.089Z] Cloning into '/tmp/Details_App'...
[2024-08-07T17:36:34.002Z] [+] Project Details App successfully cloned
[2024-08-07T17:36:34.086Z] [8mha:////4M5FhVLZ5hrhnM330veNeau1YIR9H/Gkb+M6Blqtb5hYAAAApR+LCAAAAAAAAP9tjTEOwjAQBC9BFLSUPOIihESDqNJabniBiY1xYt0Z2yGpeBFf4w8EIlGxxWpnm3m+YJkiHDlabA11jlLjMPjeTgsHjt3F84Atn7FhSuwNSjNI1qaeUXI2MKcoYSFgZajxnBzZDGvRqruqvCJbnXKcvoOA0ukbPKAQkzmrmL8wRthce52Yfp6/AhhDyFBu95/avQEeFbpZvgAAAA==[0m[Pipeline] }
[2024-08-07T17:36:34.204Z] [8mha:////4FP6LmL9f+gaP4n85QCw7XPO0xaE+jHRCy7hxFsKYltWAAAApB+LCAAAAAAAAP9tjTEOwjAQBC9BFLSUPOIiaCgQVVrLDS8wsTFOrDtjOyQVL+Jr/IFAJCq2WO1sM88XLFOEI0eLraHOUWocBt/baeHAsbt4HrDlMzZMib1BaQbJ2tQzSs4G5hQlLASsDDWekyObYS1adVeVV2SrU47TdxBQOn2DBxRiMmcV8xfGCJtrrxPTz/NXAGMIGcrt/lO7Ny324eW+AAAA[0m[Pipeline] // stage
[2024-08-07T17:36:34.219Z] [8mha:////4JBaJcMehR+xkL9DqCwaGStCkKreLYaGDkIpz23QrCmiAAAApx+LCAAAAAAAAP9tjTEOwjAUQ3+LOrAycohU3ZAQE2uUhROEJoSk0f9tkpJOnIircQdaKjHhwbItWe/1hioGOFEwzGnsLMbWst6PZk4sU+hunjJzdGUtYSSvmdBZkNLntQpKGlYVJWw4bDW2nqJFk2DHnXzI2ks09SWFeTtyKK0a4AkFn8lJhvQtU4D9fVSR8Mf5C4CpT1A2zWKH5Vl9AAkvMTrCAAAA[0m[Pipeline] stage
[2024-08-07T17:36:34.224Z] [8mha:////4PkDQTNBn8RHE6gb8DRjYydi0fHtWCAwdaV4rPGHH2PZAAAApx+LCAAAAAAAAP9tjTEOwjAUQ3+LOrAycohUbCDE1DXKwglCE0La6P/yk9JOnIircQdaKjHhwbItWe/1hiIynIidaCy2HmPtRRd6NyUxELfXQINo6CJqwkjBCmUHRcZWS1WULCzKclhJWFusA0WPLsFGNvqhy6DRlefE03aUkHtzhydkciInzelbRobtrTeR8Mf5C4CxS5Dv9rMd5mfxASnCIIrCAAAA[0m[Pipeline] { (Install pytest)
[2024-08-07T17:36:34.284Z] [8mha:////4M1wKrvWDWeCNQBtkWWL1TkOor2fe7SUSkZFW6HwfnPkAAAApB+LCAAAAAAAAP9tjTEOwjAQBC9BFLSUPOICdAilorXc8AKTGOPEugu2g1PxIr7GH7CIRMUWq51t5vWGZfBQszfYaeothcbi4EaTFyb2/dVxwo4v2DAFdhqlTpJbfZpRctQwpyhhIWClqXEcLJkIa9Gph6qcIlOdo8/fUUBp2zs8oRDZHJWPX5g8bG5jG5h+nr8CmIYI5e6Qa78dPhmQ9Da+AAAA[0m[Pipeline] sh
[2024-08-07T17:36:34.580Z] + chmod +x scripts/03_install_tests.sh
[2024-08-07T17:36:34.680Z] [8mha:////4H2wljgAAs6gbrDNOPh6s41Wu2etBVNxSCie/i1kEsq8AAAApB+LCAAAAAAAAP9tjTEOwjAQBC9BFLSUPOKi0CFEldZKwwtMbIwT687YDknFi/gaf8AiEhVbrHa2mdcb1jHAiYPBXtNgKXYWvRtNXjhxGK6OJ+z5gh1TZKex1VPLSjcLtpw0LClKWAnYaOocR0smwVb08iErJ8lU5xTydxRQWnWHJxQim5MM6QtzgN1tVJHp5/krgNknKOtDrn3tP1ih7y++AAAA[0m[Pipeline] sh
[2024-08-07T17:36:34.974Z] + bash scripts/03_install_tests.sh
[2024-08-07T17:36:34.974Z] scripts/03_install_tests.sh: line 14: poetry: command not found
[2024-08-07T17:36:34.974Z] 
[2024-08-07T17:36:34.974Z] WARNING: apt does not have a stable CLI interface. Use with caution in scripts.
[2024-08-07T17:36:34.974Z] 
[2024-08-07T17:36:35.231Z] Get:1 http://deb.debian.org/debian bookworm InRelease [151 kB]
[2024-08-07T17:36:35.488Z] Get:2 https://download.docker.com/linux/debian bookworm InRelease [43.3 kB]
[2024-08-07T17:36:35.488Z] Get:3 http://deb.debian.org/debian bookworm-updates InRelease [55.4 kB]
[2024-08-07T17:36:35.744Z] Get:4 http://deb.debian.org/debian-security bookworm-security InRelease [48.0 kB]
[2024-08-07T17:36:35.744Z] Get:5 https://download.docker.com/linux/debian bookworm/stable arm64 Packages [27.5 kB]
[2024-08-07T17:36:35.744Z] Get:6 http://deb.debian.org/debian bookworm/main arm64 Packages [8688 kB]
[2024-08-07T17:36:50.637Z] Get:7 http://deb.debian.org/debian bookworm-updates/main arm64 Packages [13.7 kB]
[2024-08-07T17:36:50.637Z] Get:8 http://deb.debian.org/debian-security bookworm-security/main arm64 Packages [167 kB]
[2024-08-07T17:36:50.896Z] Fetched 9193 kB in 16s (572 kB/s)
[2024-08-07T17:36:51.472Z] Reading package lists...
[2024-08-07T17:36:51.734Z] Building dependency tree...
[2024-08-07T17:36:51.734Z] Reading state information...
[2024-08-07T17:36:51.734Z] 4 packages can be upgraded. Run 'apt list --upgradable' to see them.
[2024-08-07T17:36:51.734Z] 
[2024-08-07T17:36:51.734Z] WARNING: apt does not have a stable CLI interface. Use with caution in scripts.
[2024-08-07T17:36:51.734Z] 
[2024-08-07T17:36:51.991Z] Reading package lists...
[2024-08-07T17:36:52.248Z] Building dependency tree...
[2024-08-07T17:36:52.248Z] Reading state information...
[2024-08-07T17:36:52.248Z] Calculating upgrade...
[2024-08-07T17:36:52.506Z] The following packages will be upgraded:
[2024-08-07T17:36:52.506Z]   openjdk-17-jdk openjdk-17-jdk-headless openjdk-17-jre
[2024-08-07T17:36:52.506Z]   openjdk-17-jre-headless
[2024-08-07T17:36:52.764Z] 4 upgraded, 0 newly installed, 0 to remove and 0 not upgraded.
[2024-08-07T17:36:52.764Z] Need to get 116 MB of archives.
[2024-08-07T17:36:52.764Z] After this operation, 2911 kB of additional disk space will be used.
[2024-08-07T17:36:52.764Z] Get:1 http://deb.debian.org/debian-security bookworm-security/main arm64 openjdk-17-jdk arm64 17.0.12+7-2~deb12u1 [2387 kB]
[2024-08-07T17:36:53.022Z] Get:2 http://deb.debian.org/debian-security bookworm-security/main arm64 openjdk-17-jdk-headless arm64 17.0.12+7-2~deb12u1 [70.6 MB]
[2024-08-07T17:36:55.548Z] Get:3 http://deb.debian.org/debian-security bookworm-security/main arm64 openjdk-17-jre arm64 17.0.12+7-2~deb12u1 [173 kB]
[2024-08-07T17:36:55.548Z] Get:4 http://deb.debian.org/debian-security bookworm-security/main arm64 openjdk-17-jre-headless arm64 17.0.12+7-2~deb12u1 [42.7 MB]
[2024-08-07T17:36:56.507Z] debconf: delaying package configuration, since apt-utils is not installed
[2024-08-07T17:36:56.508Z] Fetched 116 MB in 4s (31.2 MB/s)
[2024-08-07T17:36:57.024Z] (Reading database ... (Reading database ... 5%(Reading database ... 10%(Reading database ... 15%(Reading database ... 20%(Reading database ... 25%(Reading database ... 30%(Reading database ... 35%(Reading database ... 40%(Reading database ... 45%(Reading database ... 50%(Reading database ... 55%(Reading database ... 60%(Reading database ... 65%(Reading database ... 70%(Reading database ... 75%(Reading database ... 80%(Reading database ... 85%(Reading database ... 90%(Reading database ... 95%(Reading database ... 100%(Reading database ... 60972 files and directories currently installed.)
[2024-08-07T17:36:57.024Z] Preparing to unpack .../openjdk-17-jdk_17.0.12+7-2~deb12u1_arm64.deb ...
[2024-08-07T17:36:57.024Z] Unpacking openjdk-17-jdk:arm64 (17.0.12+7-2~deb12u1) over (17.0.11+9-1~deb12u1) ...
[2024-08-07T17:36:57.024Z] Preparing to unpack .../openjdk-17-jdk-headless_17.0.12+7-2~deb12u1_arm64.deb ...
[2024-08-07T17:36:57.024Z] Unpacking openjdk-17-jdk-headless:arm64 (17.0.12+7-2~deb12u1) over (17.0.11+9-1~deb12u1) ...
[2024-08-07T17:36:59.576Z] Preparing to unpack .../openjdk-17-jre_17.0.12+7-2~deb12u1_arm64.deb ...
[2024-08-07T17:36:59.576Z] Unpacking openjdk-17-jre:arm64 (17.0.12+7-2~deb12u1) over (17.0.11+9-1~deb12u1) ...
[2024-08-07T17:36:59.576Z] Preparing to unpack .../openjdk-17-jre-headless_17.0.12+7-2~deb12u1_arm64.deb ...
[2024-08-07T17:36:59.576Z] Unpacking openjdk-17-jre-headless:arm64 (17.0.12+7-2~deb12u1) over (17.0.11+9-1~deb12u1) ...
[2024-08-07T17:37:04.900Z] Setting up openjdk-17-jre-headless:arm64 (17.0.12+7-2~deb12u1) ...
[2024-08-07T17:37:04.900Z] Installing new version of config file /etc/java-17-openjdk/jfr/default.jfc ...
[2024-08-07T17:37:04.900Z] Installing new version of config file /etc/java-17-openjdk/jfr/profile.jfc ...
[2024-08-07T17:37:04.900Z] Installing new version of config file /etc/java-17-openjdk/security/java.security ...
[2024-08-07T17:37:04.900Z] Processing triggers for hicolor-icon-theme (0.17-2) ...
[2024-08-07T17:37:04.900Z] Processing triggers for ca-certificates-java (20230710~deb12u1) ...
[2024-08-07T17:37:04.900Z] done.
[2024-08-07T17:37:04.900Z] Setting up openjdk-17-jdk-headless:arm64 (17.0.12+7-2~deb12u1) ...
[2024-08-07T17:37:04.900Z] Setting up openjdk-17-jre:arm64 (17.0.12+7-2~deb12u1) ...
[2024-08-07T17:37:04.900Z] Setting up openjdk-17-jdk:arm64 (17.0.12+7-2~deb12u1) ...
[2024-08-07T17:37:04.900Z] 
[2024-08-07T17:37:04.900Z] WARNING: apt does not have a stable CLI interface. Use with caution in scripts.
[2024-08-07T17:37:04.900Z] 
[2024-08-07T17:37:04.900Z] Reading package lists...
[2024-08-07T17:37:04.900Z] Building dependency tree...
[2024-08-07T17:37:04.900Z] Reading state information...
[2024-08-07T17:37:05.159Z] The following additional packages will be installed:
[2024-08-07T17:37:05.159Z]   gcr gnome-keyring gnome-keyring-pkcs11 libcolord2 libepoxy0 libgck-1-0
[2024-08-07T17:37:05.159Z]   libgcr-base-3-1 libgcr-ui-3-1 libgtk-3-0 libgtk-3-bin libgtk-3-common
[2024-08-07T17:37:05.159Z]   libpam-gnome-keyring libsecret-1-0 libsecret-common libwayland-client0
[2024-08-07T17:37:05.159Z]   libwayland-cursor0 libwayland-egl1 libxkbcommon0 p11-kit p11-kit-modules
[2024-08-07T17:37:05.159Z]   pinentry-gnome3 python-pkginfo-doc python3-cachecontrol python3-cleo
[2024-08-07T17:37:05.159Z]   python3-crashtest python3-distlib python3-dulwich python3-fastimport
[2024-08-07T17:37:05.159Z]   python3-html5lib python3-importlib-metadata python3-jaraco.classes
[2024-08-07T17:37:05.159Z]   python3-jeepney python3-keyring python3-more-itertools python3-msgpack
[2024-08-07T17:37:05.159Z]   python3-pexpect python3-pip-whl python3-pkginfo python3-poetry-core
[2024-08-07T17:37:05.159Z]   python3-ptyprocess python3-pylev python3-secretstorage
[2024-08-07T17:37:05.159Z]   python3-setuptools-whl python3-shellingham python3-tomlkit
[2024-08-07T17:37:05.159Z]   python3-virtualenv python3-webencodings python3-wheel-whl python3-zipp
[2024-08-07T17:37:05.159Z]   xkb-data
[2024-08-07T17:37:05.159Z] Suggested packages:
[2024-08-07T17:37:05.159Z]   colord gvfs pinentry-doc python-cleo-doc python3-gpg python3-genshi
[2024-08-07T17:37:05.159Z]   python3-lxml gir1.2-secret-1 libkf5wallet-bin python3-dbus python3-gi
[2024-08-07T17:37:05.159Z]   python3-keyrings.alt python-pexpect-doc python-secretstorage-doc
[2024-08-07T17:37:05.420Z] The following NEW packages will be installed:
[2024-08-07T17:37:05.421Z]   gcr gnome-keyring gnome-keyring-pkcs11 libcolord2 libepoxy0 libgck-1-0
[2024-08-07T17:37:05.421Z]   libgcr-base-3-1 libgcr-ui-3-1 libgtk-3-0 libgtk-3-bin libgtk-3-common
[2024-08-07T17:37:05.421Z]   libpam-gnome-keyring libsecret-1-0 libsecret-common libwayland-client0
[2024-08-07T17:37:05.421Z]   libwayland-cursor0 libwayland-egl1 libxkbcommon0 p11-kit p11-kit-modules
[2024-08-07T17:37:05.421Z]   pinentry-gnome3 python-pkginfo-doc python3-cachecontrol python3-cleo
[2024-08-07T17:37:05.421Z]   python3-crashtest python3-distlib python3-dulwich python3-fastimport
[2024-08-07T17:37:05.421Z]   python3-html5lib python3-importlib-metadata python3-jaraco.classes
[2024-08-07T17:37:05.421Z]   python3-jeepney python3-keyring python3-more-itertools python3-msgpack
[2024-08-07T17:37:05.421Z]   python3-pexpect python3-pip-whl python3-pkginfo python3-poetry
[2024-08-07T17:37:05.421Z]   python3-poetry-core python3-ptyprocess python3-pylev python3-secretstorage
[2024-08-07T17:37:05.421Z]   python3-setuptools-whl python3-shellingham python3-tomlkit
[2024-08-07T17:37:05.421Z]   python3-virtualenv python3-webencodings python3-wheel-whl python3-zipp
[2024-08-07T17:37:05.421Z]   xkb-data
[2024-08-07T17:37:05.679Z] 0 upgraded, 51 newly installed, 0 to remove and 0 not upgraded.
[2024-08-07T17:37:05.679Z] Need to get 15.5 MB of archives.
[2024-08-07T17:37:05.679Z] After this operation, 75.0 MB of additional disk space will be used.
[2024-08-07T17:37:05.679Z] Get:1 http://deb.debian.org/debian bookworm/main arm64 libgck-1-0 arm64 3.41.1-1+b1 [70.8 kB]
[2024-08-07T17:37:05.679Z] Get:2 http://deb.debian.org/debian bookworm/main arm64 libgcr-base-3-1 arm64 3.41.1-1+b1 [181 kB]
[2024-08-07T17:37:05.942Z] Get:3 http://deb.debian.org/debian bookworm/main arm64 libcolord2 arm64 1.4.6-2.2 [126 kB]
[2024-08-07T17:37:05.942Z] Get:4 http://deb.debian.org/debian bookworm/main arm64 libepoxy0 arm64 1.5.10-1 [198 kB]
[2024-08-07T17:37:05.942Z] Get:5 http://deb.debian.org/debian bookworm/main arm64 libwayland-client0 arm64 1.21.0-1 [27.6 kB]
[2024-08-07T17:37:05.942Z] Get:6 http://deb.debian.org/debian bookworm/main arm64 libwayland-cursor0 arm64 1.21.0-1 [14.1 kB]
[2024-08-07T17:37:05.942Z] Get:7 http://deb.debian.org/debian bookworm/main arm64 libwayland-egl1 arm64 1.21.0-1 [8696 B]
[2024-08-07T17:37:05.942Z] Get:8 http://deb.debian.org/debian bookworm/main arm64 xkb-data all 2.35.1-1 [764 kB]
[2024-08-07T17:37:06.198Z] Get:9 http://deb.debian.org/debian bookworm/main arm64 libxkbcommon0 arm64 1.5.0-1 [100 kB]
[2024-08-07T17:37:06.198Z] Get:10 http://deb.debian.org/debian bookworm/main arm64 libgtk-3-common all 3.24.38-2~deb12u1 [3895 kB]
[2024-08-07T17:37:06.198Z] Get:11 http://deb.debian.org/debian bookworm/main arm64 libgtk-3-0 arm64 3.24.38-2~deb12u1 [2621 kB]
[2024-08-07T17:37:06.198Z] Get:12 http://deb.debian.org/debian bookworm/main arm64 libgcr-ui-3-1 arm64 3.41.1-1+b1 [121 kB]
[2024-08-07T17:37:06.198Z] Get:13 http://deb.debian.org/debian bookworm/main arm64 libsecret-common all 0.20.5-3 [28.5 kB]
[2024-08-07T17:37:06.198Z] Get:14 http://deb.debian.org/debian bookworm/main arm64 libsecret-1-0 arm64 0.20.5-3 [107 kB]
[2024-08-07T17:37:06.198Z] Get:15 http://deb.debian.org/debian bookworm/main arm64 gcr arm64 3.41.1-1+b1 [269 kB]
[2024-08-07T17:37:06.455Z] Get:16 http://deb.debian.org/debian bookworm/main arm64 p11-kit-modules arm64 0.24.1-2 [212 kB]
[2024-08-07T17:37:06.455Z] Get:17 http://deb.debian.org/debian bookworm/main arm64 p11-kit arm64 0.24.1-2 [289 kB]
[2024-08-07T17:37:06.455Z] Get:18 http://deb.debian.org/debian bookworm/main arm64 pinentry-gnome3 arm64 1.2.1-1 [77.3 kB]
[2024-08-07T17:37:06.455Z] Get:19 http://deb.debian.org/debian bookworm/main arm64 gnome-keyring arm64 42.1-1+b2 [980 kB]
[2024-08-07T17:37:06.455Z] Get:20 http://deb.debian.org/debian bookworm/main arm64 gnome-keyring-pkcs11 arm64 42.1-1+b2 [314 kB]
[2024-08-07T17:37:06.455Z] Get:21 http://deb.debian.org/debian bookworm/main arm64 libgtk-3-bin arm64 3.24.38-2~deb12u1 [80.7 kB]
[2024-08-07T17:37:06.455Z] Get:22 http://deb.debian.org/debian bookworm/main arm64 libpam-gnome-keyring arm64 42.1-1+b2 [309 kB]
[2024-08-07T17:37:06.455Z] Get:23 http://deb.debian.org/debian bookworm/main arm64 python-pkginfo-doc all 1.8.2-2 [29.0 kB]
[2024-08-07T17:37:06.455Z] Get:24 http://deb.debian.org/debian bookworm/main arm64 python3-msgpack arm64 1.0.3-2+b1 [62.6 kB]
[2024-08-07T17:37:06.455Z] Get:25 http://deb.debian.org/debian bookworm/main arm64 python3-cachecontrol all 0.12.12-2 [17.9 kB]
[2024-08-07T17:37:06.455Z] Get:26 http://deb.debian.org/debian bookworm/main arm64 python3-crashtest all 0.4.1-1 [6740 B]
[2024-08-07T17:37:06.455Z] Get:27 http://deb.debian.org/debian bookworm/main arm64 python3-pylev all 1.4.0-1 [6496 B]
[2024-08-07T17:37:06.455Z] Get:28 http://deb.debian.org/debian bookworm/main arm64 python3-cleo all 2.0.1-5 [56.1 kB]
[2024-08-07T17:37:06.455Z] Get:29 http://deb.debian.org/debian bookworm/main arm64 python3-distlib all 0.3.6-1 [257 kB]
[2024-08-07T17:37:06.455Z] Get:30 http://deb.debian.org/debian bookworm/main arm64 python3-dulwich arm64 0.21.2-1+b1 [320 kB]
[2024-08-07T17:37:06.455Z] Get:31 http://deb.debian.org/debian bookworm/main arm64 python3-fastimport all 0.9.14-2.1 [32.8 kB]
[2024-08-07T17:37:06.718Z] Get:32 http://deb.debian.org/debian bookworm/main arm64 python3-webencodings all 0.5.1-5 [11.1 kB]
[2024-08-07T17:37:06.718Z] Get:33 http://deb.debian.org/debian bookworm/main arm64 python3-html5lib all 1.1-3 [93.0 kB]
[2024-08-07T17:37:06.718Z] Get:34 http://deb.debian.org/debian bookworm/main arm64 python3-more-itertools all 8.10.0-2 [53.0 kB]
[2024-08-07T17:37:06.718Z] Get:35 http://deb.debian.org/debian bookworm/main arm64 python3-zipp all 1.0.0-6 [6696 B]
[2024-08-07T17:37:06.718Z] Get:36 http://deb.debian.org/debian bookworm/main arm64 python3-importlib-metadata all 4.12.0-1 [24.9 kB]
[2024-08-07T17:37:06.718Z] Get:37 http://deb.debian.org/debian bookworm/main arm64 python3-jaraco.classes all 3.2.1-3 [7184 B]
[2024-08-07T17:37:06.718Z] Get:38 http://deb.debian.org/debian bookworm/main arm64 python3-jeepney all 0.8.0-3 [34.0 kB]
[2024-08-07T17:37:06.718Z] Get:39 http://deb.debian.org/debian bookworm/main arm64 python3-secretstorage all 3.3.3-1 [16.9 kB]
[2024-08-07T17:37:06.718Z] Get:40 http://deb.debian.org/debian bookworm/main arm64 python3-keyring all 23.9.3-2 [51.4 kB]
[2024-08-07T17:37:06.718Z] Get:41 http://deb.debian.org/debian bookworm/main arm64 python3-ptyprocess all 0.7.0-5 [14.7 kB]
[2024-08-07T17:37:06.718Z] Get:42 http://deb.debian.org/debian bookworm/main arm64 python3-pexpect all 4.8.0-4 [52.9 kB]
[2024-08-07T17:37:06.718Z] Get:43 http://deb.debian.org/debian bookworm/main arm64 python3-pip-whl all 23.0.1+dfsg-1 [1717 kB]
[2024-08-07T17:37:06.718Z] Get:44 http://deb.debian.org/debian bookworm/main arm64 python3-pkginfo all 1.8.2-2 [16.9 kB]
[2024-08-07T17:37:06.718Z] Get:45 http://deb.debian.org/debian bookworm/main arm64 python3-poetry-core all 1.4.0-4 [377 kB]
[2024-08-07T17:37:06.718Z] Get:46 http://deb.debian.org/debian bookworm/main arm64 python3-shellingham all 1.5.0-1 [10.7 kB]
[2024-08-07T17:37:06.718Z] Get:47 http://deb.debian.org/debian bookworm/main arm64 python3-tomlkit all 0.11.7-1 [40.5 kB]
[2024-08-07T17:37:06.718Z] Get:48 http://deb.debian.org/debian bookworm/main arm64 python3-setuptools-whl all 66.1.1-1 [1111 kB]
[2024-08-07T17:37:06.718Z] Get:49 http://deb.debian.org/debian bookworm/main arm64 python3-wheel-whl all 0.38.4-2 [38.6 kB]
[2024-08-07T17:37:06.718Z] Get:50 http://deb.debian.org/debian bookworm/main arm64 python3-virtualenv all 20.17.1+ds-1 [93.9 kB]
[2024-08-07T17:37:06.718Z] Get:51 http://deb.debian.org/debian bookworm/main arm64 python3-poetry all 1.3.2+dfsg-3 [158 kB]
[2024-08-07T17:37:06.978Z] debconf: delaying package configuration, since apt-utils is not installed
[2024-08-07T17:37:06.978Z] Fetched 15.5 MB in 1s (12.2 MB/s)
[2024-08-07T17:37:06.978Z] Selecting previously unselected package libgck-1-0:arm64.
[2024-08-07T17:37:06.978Z] (Reading database ... (Reading database ... 5%(Reading database ... 10%(Reading database ... 15%(Reading database ... 20%(Reading database ... 25%(Reading database ... 30%(Reading database ... 35%(Reading database ... 40%(Reading database ... 45%(Reading database ... 50%(Reading database ... 55%(Reading database ... 60%(Reading database ... 65%(Reading database ... 70%(Reading database ... 75%(Reading database ... 80%(Reading database ... 85%(Reading database ... 90%(Reading database ... 95%(Reading database ... 100%(Reading database ... 60980 files and directories currently installed.)
[2024-08-07T17:37:06.978Z] Preparing to unpack .../00-libgck-1-0_3.41.1-1+b1_arm64.deb ...
[2024-08-07T17:37:06.978Z] Unpacking libgck-1-0:arm64 (3.41.1-1+b1) ...
[2024-08-07T17:37:06.978Z] Selecting previously unselected package libgcr-base-3-1:arm64.
[2024-08-07T17:37:06.978Z] Preparing to unpack .../01-libgcr-base-3-1_3.41.1-1+b1_arm64.deb ...
[2024-08-07T17:37:06.978Z] Unpacking libgcr-base-3-1:arm64 (3.41.1-1+b1) ...
[2024-08-07T17:37:06.978Z] Selecting previously unselected package libcolord2:arm64.
[2024-08-07T17:37:06.978Z] Preparing to unpack .../02-libcolord2_1.4.6-2.2_arm64.deb ...
[2024-08-07T17:37:06.978Z] Unpacking libcolord2:arm64 (1.4.6-2.2) ...
[2024-08-07T17:37:06.978Z] Selecting previously unselected package libepoxy0:arm64.
[2024-08-07T17:37:07.234Z] Preparing to unpack .../03-libepoxy0_1.5.10-1_arm64.deb ...
[2024-08-07T17:37:07.234Z] Unpacking libepoxy0:arm64 (1.5.10-1) ...
[2024-08-07T17:37:07.234Z] Selecting previously unselected package libwayland-client0:arm64.
[2024-08-07T17:37:07.234Z] Preparing to unpack .../04-libwayland-client0_1.21.0-1_arm64.deb ...
[2024-08-07T17:37:07.234Z] Unpacking libwayland-client0:arm64 (1.21.0-1) ...
[2024-08-07T17:37:07.234Z] Selecting previously unselected package libwayland-cursor0:arm64.
[2024-08-07T17:37:07.234Z] Preparing to unpack .../05-libwayland-cursor0_1.21.0-1_arm64.deb ...
[2024-08-07T17:37:07.234Z] Unpacking libwayland-cursor0:arm64 (1.21.0-1) ...
[2024-08-07T17:37:07.234Z] Selecting previously unselected package libwayland-egl1:arm64.
[2024-08-07T17:37:07.234Z] Preparing to unpack .../06-libwayland-egl1_1.21.0-1_arm64.deb ...
[2024-08-07T17:37:07.234Z] Unpacking libwayland-egl1:arm64 (1.21.0-1) ...
[2024-08-07T17:37:07.234Z] Selecting previously unselected package xkb-data.
[2024-08-07T17:37:07.234Z] Preparing to unpack .../07-xkb-data_2.35.1-1_all.deb ...
[2024-08-07T17:37:07.234Z] Unpacking xkb-data (2.35.1-1) ...
[2024-08-07T17:37:07.234Z] Selecting previously unselected package libxkbcommon0:arm64.
[2024-08-07T17:37:07.234Z] Preparing to unpack .../08-libxkbcommon0_1.5.0-1_arm64.deb ...
[2024-08-07T17:37:07.234Z] Unpacking libxkbcommon0:arm64 (1.5.0-1) ...
[2024-08-07T17:37:07.493Z] Selecting previously unselected package libgtk-3-common.
[2024-08-07T17:37:07.493Z] Preparing to unpack .../09-libgtk-3-common_3.24.38-2~deb12u1_all.deb ...
[2024-08-07T17:37:07.493Z] Unpacking libgtk-3-common (3.24.38-2~deb12u1) ...
[2024-08-07T17:37:07.752Z] Selecting previously unselected package libgtk-3-0:arm64.
[2024-08-07T17:37:07.752Z] Preparing to unpack .../10-libgtk-3-0_3.24.38-2~deb12u1_arm64.deb ...
[2024-08-07T17:37:07.752Z] Unpacking libgtk-3-0:arm64 (3.24.38-2~deb12u1) ...
[2024-08-07T17:37:08.014Z] Selecting previously unselected package libgcr-ui-3-1:arm64.
[2024-08-07T17:37:08.014Z] Preparing to unpack .../11-libgcr-ui-3-1_3.41.1-1+b1_arm64.deb ...
[2024-08-07T17:37:08.014Z] Unpacking libgcr-ui-3-1:arm64 (3.41.1-1+b1) ...
[2024-08-07T17:37:08.014Z] Selecting previously unselected package libsecret-common.
[2024-08-07T17:37:08.014Z] Preparing to unpack .../12-libsecret-common_0.20.5-3_all.deb ...
[2024-08-07T17:37:08.014Z] Unpacking libsecret-common (0.20.5-3) ...
[2024-08-07T17:37:08.014Z] Selecting previously unselected package libsecret-1-0:arm64.
[2024-08-07T17:37:08.014Z] Preparing to unpack .../13-libsecret-1-0_0.20.5-3_arm64.deb ...
[2024-08-07T17:37:08.014Z] Unpacking libsecret-1-0:arm64 (0.20.5-3) ...
[2024-08-07T17:37:08.014Z] Selecting previously unselected package gcr.
[2024-08-07T17:37:08.014Z] Preparing to unpack .../14-gcr_3.41.1-1+b1_arm64.deb ...
[2024-08-07T17:37:08.014Z] Unpacking gcr (3.41.1-1+b1) ...
[2024-08-07T17:37:08.014Z] Selecting previously unselected package p11-kit-modules:arm64.
[2024-08-07T17:37:08.014Z] Preparing to unpack .../15-p11-kit-modules_0.24.1-2_arm64.deb ...
[2024-08-07T17:37:08.014Z] Unpacking p11-kit-modules:arm64 (0.24.1-2) ...
[2024-08-07T17:37:08.014Z] Selecting previously unselected package p11-kit.
[2024-08-07T17:37:08.014Z] Preparing to unpack .../16-p11-kit_0.24.1-2_arm64.deb ...
[2024-08-07T17:37:08.014Z] Unpacking p11-kit (0.24.1-2) ...
[2024-08-07T17:37:08.270Z] Selecting previously unselected package pinentry-gnome3.
[2024-08-07T17:37:08.270Z] Preparing to unpack .../17-pinentry-gnome3_1.2.1-1_arm64.deb ...
[2024-08-07T17:37:08.270Z] Unpacking pinentry-gnome3 (1.2.1-1) ...
[2024-08-07T17:37:08.270Z] Selecting previously unselected package gnome-keyring.
[2024-08-07T17:37:08.270Z] Preparing to unpack .../18-gnome-keyring_42.1-1+b2_arm64.deb ...
[2024-08-07T17:37:08.270Z] Unpacking gnome-keyring (42.1-1+b2) ...
[2024-08-07T17:37:08.270Z] Selecting previously unselected package gnome-keyring-pkcs11:arm64.
[2024-08-07T17:37:08.270Z] Preparing to unpack .../19-gnome-keyring-pkcs11_42.1-1+b2_arm64.deb ...
[2024-08-07T17:37:08.270Z] Unpacking gnome-keyring-pkcs11:arm64 (42.1-1+b2) ...
[2024-08-07T17:37:08.270Z] Selecting previously unselected package libgtk-3-bin.
[2024-08-07T17:37:08.270Z] Preparing to unpack .../20-libgtk-3-bin_3.24.38-2~deb12u1_arm64.deb ...
[2024-08-07T17:37:08.270Z] Unpacking libgtk-3-bin (3.24.38-2~deb12u1) ...
[2024-08-07T17:37:08.270Z] Selecting previously unselected package libpam-gnome-keyring:arm64.
[2024-08-07T17:37:08.270Z] Preparing to unpack .../21-libpam-gnome-keyring_42.1-1+b2_arm64.deb ...
[2024-08-07T17:37:08.270Z] Unpacking libpam-gnome-keyring:arm64 (42.1-1+b2) ...
[2024-08-07T17:37:08.533Z] Selecting previously unselected package python-pkginfo-doc.
[2024-08-07T17:37:08.533Z] Preparing to unpack .../22-python-pkginfo-doc_1.8.2-2_all.deb ...
[2024-08-07T17:37:08.533Z] Unpacking python-pkginfo-doc (1.8.2-2) ...
[2024-08-07T17:37:08.533Z] Selecting previously unselected package python3-msgpack.
[2024-08-07T17:37:08.533Z] Preparing to unpack .../23-python3-msgpack_1.0.3-2+b1_arm64.deb ...
[2024-08-07T17:37:08.533Z] Unpacking python3-msgpack (1.0.3-2+b1) ...
[2024-08-07T17:37:08.533Z] Selecting previously unselected package python3-cachecontrol.
[2024-08-07T17:37:08.533Z] Preparing to unpack .../24-python3-cachecontrol_0.12.12-2_all.deb ...
[2024-08-07T17:37:08.533Z] Unpacking python3-cachecontrol (0.12.12-2) ...
[2024-08-07T17:37:08.533Z] Selecting previously unselected package python3-crashtest.
[2024-08-07T17:37:08.533Z] Preparing to unpack .../25-python3-crashtest_0.4.1-1_all.deb ...
[2024-08-07T17:37:08.533Z] Unpacking python3-crashtest (0.4.1-1) ...
[2024-08-07T17:37:08.533Z] Selecting previously unselected package python3-pylev.
[2024-08-07T17:37:08.533Z] Preparing to unpack .../26-python3-pylev_1.4.0-1_all.deb ...
[2024-08-07T17:37:08.533Z] Unpacking python3-pylev (1.4.0-1) ...
[2024-08-07T17:37:08.533Z] Selecting previously unselected package python3-cleo.
[2024-08-07T17:37:08.533Z] Preparing to unpack .../27-python3-cleo_2.0.1-5_all.deb ...
[2024-08-07T17:37:08.533Z] Unpacking python3-cleo (2.0.1-5) ...
[2024-08-07T17:37:08.533Z] Selecting previously unselected package python3-distlib.
[2024-08-07T17:37:08.533Z] Preparing to unpack .../28-python3-distlib_0.3.6-1_all.deb ...
[2024-08-07T17:37:08.533Z] Unpacking python3-distlib (0.3.6-1) ...
[2024-08-07T17:37:08.533Z] Selecting previously unselected package python3-dulwich.
[2024-08-07T17:37:08.533Z] Preparing to unpack .../29-python3-dulwich_0.21.2-1+b1_arm64.deb ...
[2024-08-07T17:37:08.533Z] Unpacking python3-dulwich (0.21.2-1+b1) ...
[2024-08-07T17:37:08.791Z] Selecting previously unselected package python3-fastimport.
[2024-08-07T17:37:08.791Z] Preparing to unpack .../30-python3-fastimport_0.9.14-2.1_all.deb ...
[2024-08-07T17:37:08.791Z] Unpacking python3-fastimport (0.9.14-2.1) ...
[2024-08-07T17:37:08.791Z] Selecting previously unselected package python3-webencodings.
[2024-08-07T17:37:08.791Z] Preparing to unpack .../31-python3-webencodings_0.5.1-5_all.deb ...
[2024-08-07T17:37:08.791Z] Unpacking python3-webencodings (0.5.1-5) ...
[2024-08-07T17:37:08.791Z] Selecting previously unselected package python3-html5lib.
[2024-08-07T17:37:08.791Z] Preparing to unpack .../32-python3-html5lib_1.1-3_all.deb ...
[2024-08-07T17:37:08.791Z] Unpacking python3-html5lib (1.1-3) ...
[2024-08-07T17:37:08.791Z] Selecting previously unselected package python3-more-itertools.
[2024-08-07T17:37:08.791Z] Preparing to unpack .../33-python3-more-itertools_8.10.0-2_all.deb ...
[2024-08-07T17:37:08.791Z] Unpacking python3-more-itertools (8.10.0-2) ...
[2024-08-07T17:37:08.791Z] Selecting previously unselected package python3-zipp.
[2024-08-07T17:37:08.791Z] Preparing to unpack .../34-python3-zipp_1.0.0-6_all.deb ...
[2024-08-07T17:37:08.791Z] Unpacking python3-zipp (1.0.0-6) ...
[2024-08-07T17:37:08.791Z] Selecting previously unselected package python3-importlib-metadata.
[2024-08-07T17:37:08.791Z] Preparing to unpack .../35-python3-importlib-metadata_4.12.0-1_all.deb ...
[2024-08-07T17:37:08.791Z] Unpacking python3-importlib-metadata (4.12.0-1) ...
[2024-08-07T17:37:08.791Z] Selecting previously unselected package python3-jaraco.classes.
[2024-08-07T17:37:08.791Z] Preparing to unpack .../36-python3-jaraco.classes_3.2.1-3_all.deb ...
[2024-08-07T17:37:08.791Z] Unpacking python3-jaraco.classes (3.2.1-3) ...
[2024-08-07T17:37:08.791Z] Selecting previously unselected package python3-jeepney.
[2024-08-07T17:37:08.791Z] Preparing to unpack .../37-python3-jeepney_0.8.0-3_all.deb ...
[2024-08-07T17:37:08.791Z] Unpacking python3-jeepney (0.8.0-3) ...
[2024-08-07T17:37:08.791Z] Selecting previously unselected package python3-secretstorage.
[2024-08-07T17:37:08.791Z] Preparing to unpack .../38-python3-secretstorage_3.3.3-1_all.deb ...
[2024-08-07T17:37:08.791Z] Unpacking python3-secretstorage (3.3.3-1) ...
[2024-08-07T17:37:09.049Z] Selecting previously unselected package python3-keyring.
[2024-08-07T17:37:09.049Z] Preparing to unpack .../39-python3-keyring_23.9.3-2_all.deb ...
[2024-08-07T17:37:09.049Z] Unpacking python3-keyring (23.9.3-2) ...
[2024-08-07T17:37:09.049Z] Selecting previously unselected package python3-ptyprocess.
[2024-08-07T17:37:09.049Z] Preparing to unpack .../40-python3-ptyprocess_0.7.0-5_all.deb ...
[2024-08-07T17:37:09.049Z] Unpacking python3-ptyprocess (0.7.0-5) ...
[2024-08-07T17:37:09.049Z] Selecting previously unselected package python3-pexpect.
[2024-08-07T17:37:09.049Z] Preparing to unpack .../41-python3-pexpect_4.8.0-4_all.deb ...
[2024-08-07T17:37:09.049Z] Unpacking python3-pexpect (4.8.0-4) ...
[2024-08-07T17:37:09.049Z] Selecting previously unselected package python3-pip-whl.
[2024-08-07T17:37:09.049Z] Preparing to unpack .../42-python3-pip-whl_23.0.1+dfsg-1_all.deb ...
[2024-08-07T17:37:09.049Z] Unpacking python3-pip-whl (23.0.1+dfsg-1) ...
[2024-08-07T17:37:09.049Z] Selecting previously unselected package python3-pkginfo.
[2024-08-07T17:37:09.049Z] Preparing to unpack .../43-python3-pkginfo_1.8.2-2_all.deb ...
[2024-08-07T17:37:09.049Z] Unpacking python3-pkginfo (1.8.2-2) ...
[2024-08-07T17:37:09.049Z] Selecting previously unselected package python3-poetry-core.
[2024-08-07T17:37:09.049Z] Preparing to unpack .../44-python3-poetry-core_1.4.0-4_all.deb ...
[2024-08-07T17:37:09.049Z] Unpacking python3-poetry-core (1.4.0-4) ...
[2024-08-07T17:37:09.306Z] Selecting previously unselected package python3-shellingham.
[2024-08-07T17:37:09.306Z] Preparing to unpack .../45-python3-shellingham_1.5.0-1_all.deb ...
[2024-08-07T17:37:09.306Z] Unpacking python3-shellingham (1.5.0-1) ...
[2024-08-07T17:37:09.306Z] Selecting previously unselected package python3-tomlkit.
[2024-08-07T17:37:09.306Z] Preparing to unpack .../46-python3-tomlkit_0.11.7-1_all.deb ...
[2024-08-07T17:37:09.306Z] Unpacking python3-tomlkit (0.11.7-1) ...
[2024-08-07T17:37:09.306Z] Selecting previously unselected package python3-setuptools-whl.
[2024-08-07T17:37:09.306Z] Preparing to unpack .../47-python3-setuptools-whl_66.1.1-1_all.deb ...
[2024-08-07T17:37:09.306Z] Unpacking python3-setuptools-whl (66.1.1-1) ...
[2024-08-07T17:37:09.306Z] Selecting previously unselected package python3-wheel-whl.
[2024-08-07T17:37:09.306Z] Preparing to unpack .../48-python3-wheel-whl_0.38.4-2_all.deb ...
[2024-08-07T17:37:09.306Z] Unpacking python3-wheel-whl (0.38.4-2) ...
[2024-08-07T17:37:09.306Z] Selecting previously unselected package python3-virtualenv.
[2024-08-07T17:37:09.306Z] Preparing to unpack .../49-python3-virtualenv_20.17.1+ds-1_all.deb ...
[2024-08-07T17:37:09.306Z] Unpacking python3-virtualenv (20.17.1+ds-1) ...
[2024-08-07T17:37:09.306Z] Selecting previously unselected package python3-poetry.
[2024-08-07T17:37:09.306Z] Preparing to unpack .../50-python3-poetry_1.3.2+dfsg-3_all.deb ...
[2024-08-07T17:37:09.306Z] Unpacking python3-poetry (1.3.2+dfsg-3) ...
[2024-08-07T17:37:09.576Z] Setting up python3-more-itertools (8.10.0-2) ...
[2024-08-07T17:37:09.834Z] Setting up python3-setuptools-whl (66.1.1-1) ...
[2024-08-07T17:37:09.834Z] Setting up python3-jaraco.classes (3.2.1-3) ...
[2024-08-07T17:37:09.834Z] Setting up python3-pkginfo (1.8.2-2) ...
[2024-08-07T17:37:09.834Z] Setting up python3-pip-whl (23.0.1+dfsg-1) ...
[2024-08-07T17:37:09.834Z] Setting up python3-pylev (1.4.0-1) ...
[2024-08-07T17:37:10.091Z] Setting up python3-fastimport (0.9.14-2.1) ...
[2024-08-07T17:37:10.091Z] Setting up xkb-data (2.35.1-1) ...
[2024-08-07T17:37:10.091Z] Setting up python3-distlib (0.3.6-1) ...
[2024-08-07T17:37:10.091Z] Setting up python3-zipp (1.0.0-6) ...
[2024-08-07T17:37:10.347Z] Setting up python3-webencodings (0.5.1-5) ...
[2024-08-07T17:37:10.347Z] Setting up libcolord2:arm64 (1.4.6-2.2) ...
[2024-08-07T17:37:10.347Z] Setting up python-pkginfo-doc (1.8.2-2) ...
[2024-08-07T17:37:10.347Z] Setting up p11-kit-modules:arm64 (0.24.1-2) ...
[2024-08-07T17:37:10.347Z] Setting up libepoxy0:arm64 (1.5.10-1) ...
[2024-08-07T17:37:10.347Z] Setting up python3-poetry-core (1.4.0-4) ...
[2024-08-07T17:37:10.605Z] Setting up python3-crashtest (0.4.1-1) ...
[2024-08-07T17:37:10.862Z] Setting up python3-html5lib (1.1-3) ...
[2024-08-07T17:37:10.862Z] Setting up python3-jeepney (0.8.0-3) ...
[2024-08-07T17:37:10.862Z] Setting up gnome-keyring-pkcs11:arm64 (42.1-1+b2) ...
[2024-08-07T17:37:10.862Z] Setting up python3-dulwich (0.21.2-1+b1) ...
[2024-08-07T17:37:11.119Z] Setting up python3-cleo (2.0.1-5) ...
[2024-08-07T17:37:11.386Z] Setting up python3-msgpack (1.0.3-2+b1) ...
[2024-08-07T17:37:11.386Z] Setting up libwayland-egl1:arm64 (1.21.0-1) ...
[2024-08-07T17:37:11.386Z] Setting up python3-cachecontrol (0.12.12-2) ...
[2024-08-07T17:37:11.658Z] Setting up p11-kit (0.24.1-2) ...
[2024-08-07T17:37:11.658Z] Setting up libgck-1-0:arm64 (3.41.1-1+b1) ...
[2024-08-07T17:37:11.658Z] Setting up python3-shellingham (1.5.0-1) ...
[2024-08-07T17:37:11.658Z] Setting up python3-tomlkit (0.11.7-1) ...
[2024-08-07T17:37:11.931Z] Setting up python3-wheel-whl (0.38.4-2) ...
[2024-08-07T17:37:11.931Z] Setting up libgcr-base-3-1:arm64 (3.41.1-1+b1) ...
[2024-08-07T17:37:11.931Z] Setting up libpam-gnome-keyring:arm64 (42.1-1+b2) ...
[2024-08-07T17:37:11.931Z] debconf: unable to initialize frontend: Dialog
[2024-08-07T17:37:11.931Z] debconf: (Dialog frontend will not work on a dumb terminal, an emacs shell buffer, or without a controlling terminal.)
[2024-08-07T17:37:11.931Z] debconf: falling back to frontend: Readline
[2024-08-07T17:37:11.931Z] debconf: unable to initialize frontend: Readline
[2024-08-07T17:37:11.931Z] debconf: (This frontend requires a controlling tty.)
[2024-08-07T17:37:11.931Z] debconf: falling back to frontend: Teletype
[2024-08-07T17:37:12.214Z] Setting up libsecret-common (0.20.5-3) ...
[2024-08-07T17:37:12.214Z] Setting up libgtk-3-common (3.24.38-2~deb12u1) ...
[2024-08-07T17:37:12.215Z] Setting up python3-ptyprocess (0.7.0-5) ...
[2024-08-07T17:37:12.215Z] Setting up libxkbcommon0:arm64 (1.5.0-1) ...
[2024-08-07T17:37:12.215Z] Setting up libwayland-client0:arm64 (1.21.0-1) ...
[2024-08-07T17:37:12.215Z] Setting up python3-importlib-metadata (4.12.0-1) ...
[2024-08-07T17:37:12.215Z] Setting up python3-virtualenv (20.17.1+ds-1) ...
[2024-08-07T17:37:12.477Z] Setting up libsecret-1-0:arm64 (0.20.5-3) ...
[2024-08-07T17:37:12.477Z] Setting up python3-secretstorage (3.3.3-1) ...
[2024-08-07T17:37:12.477Z] Setting up python3-pexpect (4.8.0-4) ...
[2024-08-07T17:37:12.737Z] Setting up libwayland-cursor0:arm64 (1.21.0-1) ...
[2024-08-07T17:37:12.737Z] Setting up python3-keyring (23.9.3-2) ...
[2024-08-07T17:37:12.737Z] Setting up python3-poetry (1.3.2+dfsg-3) ...
[2024-08-07T17:37:12.994Z] Processing triggers for hicolor-icon-theme (0.17-2) ...
[2024-08-07T17:37:12.994Z] Processing triggers for libglib2.0-0:arm64 (2.74.6-2+deb12u3) ...
[2024-08-07T17:37:12.994Z] Setting up libgtk-3-0:arm64 (3.24.38-2~deb12u1) ...
[2024-08-07T17:37:12.994Z] Processing triggers for libc-bin (2.36-9+deb12u7) ...
[2024-08-07T17:37:13.255Z] Setting up libgtk-3-bin (3.24.38-2~deb12u1) ...
[2024-08-07T17:37:13.255Z] Processing triggers for shared-mime-info (2.2-1) ...
[2024-08-07T17:37:14.643Z] Setting up libgcr-ui-3-1:arm64 (3.41.1-1+b1) ...
[2024-08-07T17:37:14.643Z] Setting up gcr (3.41.1-1+b1) ...
[2024-08-07T17:37:14.643Z] Created symlink /etc/systemd/user/graphical-session-pre.target.wants/gcr-ssh-agent.service ï¿½ï¿½ï¿½ /usr/lib/systemd/user/gcr-ssh-agent.service.
[2024-08-07T17:37:14.643Z] Created symlink /etc/systemd/user/sockets.target.wants/gcr-ssh-agent.socket ï¿½ï¿½ï¿½ /usr/lib/systemd/user/gcr-ssh-agent.socket.
[2024-08-07T17:37:14.643Z] Setting up pinentry-gnome3 (1.2.1-1) ...
[2024-08-07T17:37:14.643Z] Setting up gnome-keyring (42.1-1+b2) ...
[2024-08-07T17:37:14.643Z] Created symlink /etc/systemd/user/graphical-session-pre.target.wants/gnome-keyring-daemon.service ï¿½ï¿½ï¿½ /usr/lib/systemd/user/gnome-keyring-daemon.service.
[2024-08-07T17:37:14.643Z] Created symlink /etc/systemd/user/sockets.target.wants/gnome-keyring-daemon.socket ï¿½ï¿½ï¿½ /usr/lib/systemd/user/gnome-keyring-daemon.socket.
[2024-08-07T17:37:14.900Z] Processing triggers for libc-bin (2.36-9+deb12u7) ...
[2024-08-07T17:37:14.900Z] [+] poetry installed on Debian/Ubuntu
[2024-08-07T17:37:14.900Z] scripts/03_install_tests.sh: line 48: pytest: command not found
[2024-08-07T17:37:14.900Z] 
[2024-08-07T17:37:14.900Z] WARNING: apt does not have a stable CLI interface. Use with caution in scripts.
[2024-08-07T17:37:14.900Z] 
[2024-08-07T17:37:15.158Z] Hit:1 http://deb.debian.org/debian bookworm InRelease
[2024-08-07T17:37:15.159Z] Hit:2 http://deb.debian.org/debian bookworm-updates InRelease
[2024-08-07T17:37:15.159Z] Hit:3 https://download.docker.com/linux/debian bookworm InRelease
[2024-08-07T17:37:15.159Z] Hit:4 http://deb.debian.org/debian-security bookworm-security InRelease
[2024-08-07T17:37:15.729Z] Reading package lists...
[2024-08-07T17:37:15.729Z] Building dependency tree...
[2024-08-07T17:37:15.729Z] Reading state information...
[2024-08-07T17:37:15.986Z] All packages are up to date.
[2024-08-07T17:37:15.986Z] 
[2024-08-07T17:37:15.986Z] WARNING: apt does not have a stable CLI interface. Use with caution in scripts.
[2024-08-07T17:37:15.986Z] 
[2024-08-07T17:37:16.250Z] Reading package lists...
[2024-08-07T17:37:16.508Z] Building dependency tree...
[2024-08-07T17:37:16.508Z] Reading state information...
[2024-08-07T17:37:16.508Z] Calculating upgrade...
[2024-08-07T17:37:16.766Z] 0 upgraded, 0 newly installed, 0 to remove and 0 not upgraded.
[2024-08-07T17:37:16.766Z] 
[2024-08-07T17:37:16.766Z] WARNING: apt does not have a stable CLI interface. Use with caution in scripts.
[2024-08-07T17:37:16.766Z] 
[2024-08-07T17:37:17.332Z] Reading package lists...
[2024-08-07T17:37:17.332Z] Building dependency tree...
[2024-08-07T17:37:17.332Z] Reading state information...
[2024-08-07T17:37:17.332Z] python3-poetry is already the newest version (1.3.2+dfsg-3).
[2024-08-07T17:37:17.332Z] python3-dev is already the newest version (3.11.2-1+b1).
[2024-08-07T17:37:17.332Z] python3-dev set to manually installed.
[2024-08-07T17:37:17.332Z] The following additional packages will be installed:
[2024-08-07T17:37:17.332Z]   python3-iniconfig python3-pluggy python3-py
[2024-08-07T17:37:17.332Z] Suggested packages:
[2024-08-07T17:37:17.332Z]   subversion
[2024-08-07T17:37:17.593Z] The following NEW packages will be installed:
[2024-08-07T17:37:17.593Z]   python3-iniconfig python3-pluggy python3-py python3-pytest
[2024-08-07T17:37:17.593Z] 0 upgraded, 4 newly installed, 0 to remove and 0 not upgraded.
[2024-08-07T17:37:17.593Z] Need to get 351 kB of archives.
[2024-08-07T17:37:17.593Z] After this operation, 1674 kB of additional disk space will be used.
[2024-08-07T17:37:17.593Z] Get:1 http://deb.debian.org/debian bookworm/main arm64 python3-iniconfig all 1.1.1-2 [6396 B]
[2024-08-07T17:37:17.856Z] Get:2 http://deb.debian.org/debian bookworm/main arm64 python3-pluggy all 1.0.0+repack-1 [19.7 kB]
[2024-08-07T17:37:17.857Z] Get:3 http://deb.debian.org/debian bookworm/main arm64 python3-py all 1.11.0-1 [89.2 kB]
[2024-08-07T17:37:17.857Z] Get:4 http://deb.debian.org/debian bookworm/main arm64 python3-pytest all 7.2.1-2 [236 kB]
[2024-08-07T17:37:18.113Z] debconf: delaying package configuration, since apt-utils is not installed
[2024-08-07T17:37:18.113Z] Fetched 351 kB in 1s (685 kB/s)
[2024-08-07T17:37:18.113Z] Selecting previously unselected package python3-iniconfig.
[2024-08-07T17:37:18.371Z] (Reading database ... (Reading database ... 5%(Reading database ... 10%(Reading database ... 15%(Reading database ... 20%(Reading database ... 25%(Reading database ... 30%(Reading database ... 35%(Reading database ... 40%(Reading database ... 45%(Reading database ... 50%(Reading database ... 55%(Reading database ... 60%(Reading database ... 65%(Reading database ... 70%(Reading database ... 75%(Reading database ... 80%(Reading database ... 85%(Reading database ... 90%(Reading database ... 95%(Reading database ... 100%(Reading database ... 63582 files and directories currently installed.)
[2024-08-07T17:37:18.371Z] Preparing to unpack .../python3-iniconfig_1.1.1-2_all.deb ...
[2024-08-07T17:37:18.371Z] Unpacking python3-iniconfig (1.1.1-2) ...
[2024-08-07T17:37:18.371Z] Selecting previously unselected package python3-pluggy.
[2024-08-07T17:37:18.371Z] Preparing to unpack .../python3-pluggy_1.0.0+repack-1_all.deb ...
[2024-08-07T17:37:18.371Z] Unpacking python3-pluggy (1.0.0+repack-1) ...
[2024-08-07T17:37:18.371Z] Selecting previously unselected package python3-py.
[2024-08-07T17:37:18.371Z] Preparing to unpack .../python3-py_1.11.0-1_all.deb ...
[2024-08-07T17:37:18.371Z] Unpacking python3-py (1.11.0-1) ...
[2024-08-07T17:37:18.371Z] Selecting previously unselected package python3-pytest.
[2024-08-07T17:37:18.371Z] Preparing to unpack .../python3-pytest_7.2.1-2_all.deb ...
[2024-08-07T17:37:18.371Z] Unpacking python3-pytest (7.2.1-2) ...
[2024-08-07T17:37:18.371Z] Setting up python3-iniconfig (1.1.1-2) ...
[2024-08-07T17:37:18.371Z] Setting up python3-py (1.11.0-1) ...
[2024-08-07T17:37:18.631Z] Setting up python3-pluggy (1.0.0+repack-1) ...
[2024-08-07T17:37:18.631Z] Setting up python3-pytest (7.2.1-2) ...
[2024-08-07T17:37:18.890Z] [+] pytest installed on Debian/Ubuntu
[2024-08-07T17:37:18.944Z] [8mha:////4NHEYgSvBxH8CdUq8sBKPNBFn+wGOagbKXDYCh40bTPWAAAApB+LCAAAAAAAAP9tjTEOwjAQBC9BFLSUPMIR6RCiSmul4QUmPowT687YDknFi/gaf8AiEhVbrHa2mdcb1jHAiYMRPdJgKXZWeDeavMTEYbg6nkTPF9ExRXYoWpxa1tgs2HJCWFKUsJKwQeocR0smwVb26qEqp8hU5xTyd5RQWn2HJxQym5MK6QtzgN1t1JHp5/krgNn7BGVd59ofPoukFhO+AAAA[0m[Pipeline] }
[2024-08-07T17:37:19.034Z] [8mha:////4MTkTJJLfCsup56rOyiBhcW5JYQpUfYHwCcwHGQrjLfVAAAApR+LCAAAAAAAAP9tjTEOwjAQBC9BFLSUPOIioEFCqWgtN7zAJMY4se6C7eBUvIiv8QcsIlGxxWpnm3m9YRk81OwNdpp6S6GxOLjR5IWJfX91nLDjCzZMgZ1GqZPkVp9mlBw1zClKWAhYaWocB0smwlp06qEqp8hU5+jzdxRQ2vYOTyhENkfl4xcmD5vb2Aamn+evAKZhiFDu9rm2hw+4R02vvgAAAA==[0m[Pipeline] // stage
[2024-08-07T17:37:19.054Z] [8mha:////4N+IZhy2trYCCchZ7LqetNMFmMHsSmFPJuHT3uXj2QcxAAAApx+LCAAAAAAAAP9tjTEOwjAUQ3+LOrAycohURWyIqWvUhROEJoSk0f8lSUknTsTVuAOBSkx4sGxL1nu+oAoejuQ1swoHg6E3bHSTzokl8sPFUWKWzqwnDOQU61TqSKp2qR1FBYuKElYc1gp7R8GgjrDhVtxF7QTq+hR93g4cSiNv8ICCZ3IUPn7L7GF7nWQg/HH+AmAeI5RNk223/zyrN+/1G3zCAAAA[0m[Pipeline] stage
[2024-08-07T17:37:19.061Z] [8mha:////4KVIMDabGFbRJwpo26DeRHvWWLlu6LmawTZbF6DIGGkFAAAApx+LCAAAAAAAAP9tjTEOwjAUQ3+LOrAycohUQjAhpq5RFk4QmhDSRv+Xn5R24kRcjTvQUokJD5ZtyXqvNxSR4UTsRGOx9RhrL7rQuymJgbi9BhpEQxdRE0YKVig7KDK2WqqiZGFRlsNKwtpiHSh6dAk2stEPXQaNrjwnnrajhNybOzwhkxM5aU7fMjJsb72JhD/OXwCMXYJ8t5/tMD+LD/hYjrHCAAAA[0m[Pipeline] { (Exec pytest)
[2024-08-07T17:37:19.145Z] [8mha:////4F00eh/LvnnXa0xANQgU4URYvmT3JDwnehvyij+2tqeMAAAApR+LCAAAAAAAAP9tjTEOwjAQBC9BFLSUPOIiIUGDqNJabniBiY1xYt0Z2yGpeBFf4w8EIlGxxWpnm3m+YJkiHDlabA11jlLjMPjeTgsHjt3F84Atn7FhSuwNSjNI1qaeUXI2MKcoYSFgZajxnBzZDGvRqruqvCJbnXKcvoOA0ukbPKAQkzmrmL8wRthce52Yfp6/AhhDhnK7+9Q+vAEIWoEpvgAAAA==[0m[Pipeline] sh
[2024-08-07T17:37:19.436Z] + chmod +x scripts/03_exec_tests.sh
[2024-08-07T17:37:19.485Z] [8mha:////4ML5bPUZ+m8Ge9HdTYJ3TzWz0HnKcOJMW67QjBIoWo7RAAAApR+LCAAAAAAAAP9tjTEOwjAQBC9BFLSUPOIiISEKRJXWcsMLTGyME+vO2A5JxYv4Gn8gEImKLVY728zzBcsU4cjRYmuoc5Qah8H3dlo4cOwungds+YwNU2JvUJpBsjb1jJKzgTlFCQsBK0ON5+TIZliLVt1V5RXZ6pTj9B0ElE7f4AGFmMxZxfyFMcLm2uvE9PP8FcAYMpTb3af24Q1Ja5owvgAAAA==[0m[Pipeline] sh
[2024-08-07T17:37:19.762Z] + bash scripts/03_exec_tests.sh
[2024-08-07T17:37:19.763Z] mkdir: missing operand
[2024-08-07T17:37:19.763Z] Try 'mkdir --help' for more information.
[2024-08-07T17:37:19.763Z] chown: cannot access '': No such file or directory
[2024-08-07T17:37:19.763Z] scripts/03_exec_tests.sh: line 20: /03_pytest_result.md: Permission denied
[2024-08-07T17:37:19.763Z] scripts/03_exec_tests.sh: line 21: /03_pytest_result.md: Permission denied
[2024-08-07T17:37:19.763Z] scripts/03_exec_tests.sh: line 22: /03_pytest_result.md: Permission denied
[2024-08-07T17:37:19.763Z] scripts/03_exec_tests.sh: line 23: /03_pytest_result.md: Permission denied
[2024-08-07T17:37:20.024Z] A pyproject.toml file with a poetry section already exists.
[2024-08-07T17:37:20.285Z] 
[2024-08-07T17:37:20.285Z] Poetry could not find a pyproject.toml file in /home/jenkins/workspace/pipeline_03_tests or its parents
[2024-08-07T17:37:20.546Z] 
[2024-08-07T17:37:20.546Z] Poetry could not find a pyproject.toml file in /home/jenkins/workspace/pipeline_03_tests or its parents
[2024-08-07T17:37:20.808Z] Creating virtualenv details-lSsfDiLc-py3.11 in /home/jenkins/.cache/pypoetry/virtualenvs
[2024-08-07T17:37:21.064Z] Installing dependencies from lock file
[2024-08-07T17:37:21.064Z] Warning: poetry.lock is not consistent with pyproject.toml. You may be getting improper dependencies. Run `poetry lock [--no-update]` to fix it.
[2024-08-07T17:37:21.320Z] 
[2024-08-07T17:37:21.320Z] Package operations: 34 installs, 2 updates, 0 removals
[2024-08-07T17:37:21.320Z] 
[2024-08-07T17:37:21.320Z]   ï¿½ï¿½ï¿½ Installing attrs (23.2.0)
[2024-08-07T17:37:21.320Z]   ï¿½ï¿½ï¿½ Installing rpds-py (0.19.1)
[2024-08-07T17:37:22.705Z]   ï¿½ï¿½ï¿½ Installing iniconfig (2.0.0)
[2024-08-07T17:37:22.705Z]   ï¿½ï¿½ï¿½ Installing markupsafe (2.1.5)
[2024-08-07T17:37:22.705Z]   ï¿½ï¿½ï¿½ Installing packaging (24.1)
[2024-08-07T17:37:22.705Z]   ï¿½ï¿½ï¿½ Installing pluggy (1.5.0)
[2024-08-07T17:37:22.705Z]   ï¿½ï¿½ï¿½ Installing referencing (0.35.1)
[2024-08-07T17:37:23.646Z]   ï¿½ï¿½ï¿½ Installing blinker (1.8.2)
[2024-08-07T17:37:23.646Z]   ï¿½ï¿½ï¿½ Installing click (8.1.7)
[2024-08-07T17:37:23.646Z]   ï¿½ï¿½ï¿½ Installing greenlet (3.0.3)
[2024-08-07T17:37:23.646Z]   ï¿½ï¿½ï¿½ Installing itsdangerous (2.2.0)
[2024-08-07T17:37:23.646Z]   ï¿½ï¿½ï¿½ Installing jinja2 (3.1.4)
[2024-08-07T17:37:23.646Z]   ï¿½ï¿½ï¿½ Installing jsonschema-specifications (2023.12.1)
[2024-08-07T17:37:23.646Z]   ï¿½ï¿½ï¿½ Installing pytest (8.3.2)
[2024-08-07T17:37:23.646Z]   ï¿½ï¿½ï¿½ Installing typing-extensions (4.12.2)
[2024-08-07T17:37:23.646Z]   ï¿½ï¿½ï¿½ Installing werkzeug (3.0.3)
[2024-08-07T17:37:25.720Z]   ï¿½ï¿½ï¿½ Installing dnspython (2.6.1)
[2024-08-07T17:37:25.720Z]   ï¿½ï¿½ï¿½ Installing flask (3.0.3)
[2024-08-07T17:37:25.720Z]   ï¿½ï¿½ï¿½ Installing idna (3.7)
[2024-08-07T17:37:25.720Z]   ï¿½ï¿½ï¿½ Installing jsonschema (4.23.0)
[2024-08-07T17:37:25.720Z]   ï¿½ï¿½ï¿½ Installing pytest-metadata (3.1.1)
[2024-08-07T17:37:25.720Z]   ï¿½ï¿½ï¿½ Updating setuptools (66.1.1 -> 72.1.0)
[2024-08-07T17:37:25.720Z]   ï¿½ï¿½ï¿½ Installing sqlalchemy (2.0.31)
[2024-08-07T17:37:25.720Z]   ï¿½ï¿½ï¿½ Installing toml (0.10.2)
[2024-08-07T17:37:25.720Z]   ï¿½ï¿½ï¿½ Updating wheel (0.38.4 -> 0.43.0)
[2024-08-07T17:37:25.720Z]   ï¿½ï¿½ï¿½ Installing wtforms (3.1.2)
[2024-08-07T17:37:28.647Z]   ï¿½ï¿½ï¿½ Installing email-validator (2.2.0)
[2024-08-07T17:37:28.647Z]   ï¿½ï¿½ï¿½ Installing flask-sqlalchemy (3.1.1)
[2024-08-07T17:37:28.647Z]   ï¿½ï¿½ï¿½ Installing flask-wtf (1.2.1)
[2024-08-07T17:37:28.647Z]   ï¿½ï¿½ï¿½ Installing gunicorn (22.0.0)
[2024-08-07T17:37:28.647Z]   ï¿½ï¿½ï¿½ Installing psycopg2-binary (2.9.9)
[2024-08-07T17:37:28.647Z]   ï¿½ï¿½ï¿½ Installing pyproject-toml (0.0.10)
[2024-08-07T17:37:28.647Z]   ï¿½ï¿½ï¿½ Installing pytest-flask (1.3.0)
[2024-08-07T17:37:28.647Z]   ï¿½ï¿½ï¿½ Installing pytest-html (4.1.1)
[2024-08-07T17:37:28.647Z]   ï¿½ï¿½ï¿½ Installing python-dotenv (1.0.1)
[2024-08-07T17:37:28.647Z]   ï¿½ï¿½ï¿½ Installing validators (0.28.3)
[2024-08-07T17:37:31.304Z] 
[2024-08-07T17:37:31.305Z] Installing the current project: details (0.1.0)
[2024-08-07T17:37:31.563Z] INTERNALERROR> Traceback (most recent call last):
[2024-08-07T17:37:31.563Z] INTERNALERROR>   File "/home/jenkins/.cache/pypoetry/virtualenvs/details-lSsfDiLc-py3.11/lib/python3.11/site-packages/_pytest/main.py", line 279, in wrap_session
[2024-08-07T17:37:31.563Z] INTERNALERROR>     config._do_configure()
[2024-08-07T17:37:31.563Z] INTERNALERROR>   File "/home/jenkins/.cache/pypoetry/virtualenvs/details-lSsfDiLc-py3.11/lib/python3.11/site-packages/_pytest/config/__init__.py", line 1118, in _do_configure
[2024-08-07T17:37:31.563Z] INTERNALERROR>     self.hook.pytest_configure.call_historic(kwargs=dict(config=self))
[2024-08-07T17:37:31.563Z] INTERNALERROR>   File "/home/jenkins/.cache/pypoetry/virtualenvs/details-lSsfDiLc-py3.11/lib/python3.11/site-packages/pluggy/_hooks.py", line 535, in call_historic
[2024-08-07T17:37:31.563Z] INTERNALERROR>     res = self._hookexec(self.name, self._hookimpls.copy(), kwargs, False)
[2024-08-07T17:37:31.563Z] INTERNALERROR>           ^^^^^^^^^^^^^^^^^^^^^^^^^^^^^^^^^^^^^^^^^^^^^^^^^^^^^^^^^^^^^^^^
[2024-08-07T17:37:31.563Z] INTERNALERROR>   File "/home/jenkins/.cache/pypoetry/virtualenvs/details-lSsfDiLc-py3.11/lib/python3.11/site-packages/pluggy/_manager.py", line 120, in _hookexec
[2024-08-07T17:37:31.563Z] INTERNALERROR>     return self._inner_hookexec(hook_name, methods, kwargs, firstresult)
[2024-08-07T17:37:31.563Z] INTERNALERROR>            ^^^^^^^^^^^^^^^^^^^^^^^^^^^^^^^^^^^^^^^^^^^^^^^^^^^^^^^^^^^^^
[2024-08-07T17:37:31.563Z] INTERNALERROR>   File "/home/jenkins/.cache/pypoetry/virtualenvs/details-lSsfDiLc-py3.11/lib/python3.11/site-packages/pluggy/_callers.py", line 139, in _multicall
[2024-08-07T17:37:31.563Z] INTERNALERROR>     raise exception.with_traceback(exception.__traceback__)
[2024-08-07T17:37:31.563Z] INTERNALERROR>   File "/home/jenkins/.cache/pypoetry/virtualenvs/details-lSsfDiLc-py3.11/lib/python3.11/site-packages/pluggy/_callers.py", line 103, in _multicall
[2024-08-07T17:37:31.563Z] INTERNALERROR>     res = hook_impl.function(*args)
[2024-08-07T17:37:31.563Z] INTERNALERROR>           ^^^^^^^^^^^^^^^^^^^^^^^^^
[2024-08-07T17:37:31.563Z] INTERNALERROR>   File "/home/jenkins/.cache/pypoetry/virtualenvs/details-lSsfDiLc-py3.11/lib/python3.11/site-packages/pytest_html/plugin.py", line 115, in pytest_configure
[2024-08-07T17:37:31.563Z] INTERNALERROR>     html = Report(html_path, config, report_data, template, processed_css)
[2024-08-07T17:37:31.563Z] INTERNALERROR>            ^^^^^^^^^^^^^^^^^^^^^^^^^^^^^^^^^^^^^^^^^^^^^^^^^^^^^^^^^^^^^^^
[2024-08-07T17:37:31.563Z] INTERNALERROR>   File "/home/jenkins/.cache/pypoetry/virtualenvs/details-lSsfDiLc-py3.11/lib/python3.11/site-packages/pytest_html/report.py", line 16, in __init__
[2024-08-07T17:37:31.563Z] INTERNALERROR>     self._assets_path.mkdir(parents=True, exist_ok=True)
[2024-08-07T17:37:31.563Z] INTERNALERROR>   File "/usr/lib/python3.11/pathlib.py", line 1117, in mkdir
[2024-08-07T17:37:31.563Z] INTERNALERROR>     os.mkdir(self, mode)
[2024-08-07T17:37:31.563Z] INTERNALERROR> PermissionError: [Errno 13] Permission denied: '/assets'
[2024-08-07T17:37:31.563Z] scripts/03_exec_tests.sh: line 40: /03_pytest_result.md: Permission denied
[2024-08-07T17:37:31.563Z] sed: -e expression #1, char 50: unknown option to `s'
[2024-08-07T17:37:31.667Z] [8mha:////4Pr781V23ms4A50Rrusk9xPQbEHm+UWIl9JtUXOPj74GAAAApR+LCAAAAAAAAP9tjTEOwjAQBC9BFLSUPOIiISEhIaq0lhteYGJjnFh3xnZIKl7E1/gDgUhUbLHa2WaeL1imCEeOFltDnaPUOAy+t9PCgWN38Txgy2dsmBJ7g9IMkrWpZ5ScDcwpSlgIWBlqPCdHNsNatOquKq/IVqccp+8goHT6Bg8oxGTOKuYvjBE2114npp/nrwDGEDKU2/2ndm8FmBaQvgAAAA==[0m[Pipeline] }
[2024-08-07T17:37:31.806Z] [8mha:////4Go1gJfm4aNPwJQqGToDrNo6japTJvOR7hLEnVg5N3udAAAApR+LCAAAAAAAAP9tjTEOwjAQBC9BFLSUPOIiIRqEqNJabniBiY1xYt0Z2yGpeBFf4w8EIlGxxWpnm3m+YJkiHDlabA11jlLjMPjeTgsHjt3F84Atn7FhSuwNSjNI1qaeUXI2MKcoYSFgZajxnBzZDGvRqruqvCJbnXKcvoOA0ukbPKAQkzmrmL8wRthce52Yfp6/AhhDyFBu95/avQE2e00svgAAAA==[0m[Pipeline] // stage
[2024-08-07T17:37:31.816Z] [8mha:////4OcADCio4iPtvllXVzLXWc4O4hn/RDxHnSX/yN2kVH2GAAAApB+LCAAAAAAAAP9tjTEOwjAQBC9BFLSUPMIhokRUaa00vMDEh3Fi3RnbIal4EV/jD1hEomKL1c4283rDOgY4cTCiRxosxc4K70aTl5g4DFfHk+j5IjqmyA5Fi1PLGpsFW04IS4oSVhI2SJ3jaMkk2MpePVTlFJnqnEL+jhJKq+/whEJmc1IhfWEOsLuNOjL9PH8FMHufoDzsc9X1BwaGcva+AAAA[0m[Pipeline] }
[2024-08-07T17:37:31.907Z] [8mha:////4HWs3N70p1PSlkUgJ1Lz+VyeYXihjAjiZrE6nK3C58G7AAAApB+LCAAAAAAAAP9tjTEOwjAQBC9BFLSUPMIhokRUaa00vMDEh3Fi3RnbIal4EV/jD1hEomKL1c4283rDOgY4cTCiRxosxc4K70aTl5g4DFfHk+j5IjqmyA5Fi1PLGpsFW04IS4oSVhI2SJ3jaMkk2MpePVTlFJnqnEL+jhJKq+/whEJmc1IhfWEOsLuNOjL9PH8FMHufoDzUuer9BzVlKUq+AAAA[0m[Pipeline] // withEnv
[2024-08-07T17:37:31.916Z] [8mha:////4OpVcDV1lFaTA/6KVFqstiNzj0ceGZuH/q5bRXSTLUJ7AAAAox+LCAAAAAAAAP9tjTEOwjAQBDdBFLSUPMKRgA5R0VppeIFJjHFi3QX7QlLxIr7GH4iIRMVWO9PM641lijhydKqx1HpKlVdd6N301MCxvQYeVMMXVTElDlaVdii5tqcZSxaLeVmOhcbKUhU4eXKCtW7MwxTBkCvOEid30Mh9fccTmZ7KYqJ8YYzY3Po6Mf06fwMYu06Q77aCbP8B7tlN5b0AAAA=[0m[Pipeline] }
[2024-08-07T17:37:32.057Z] [8mha:////4EziEyYoNWBU7Lf5zOD0DaVSuLB7LFYxdaBB9iwdx4XuAAAAoh+LCAAAAAAAAP9tjTESgjAQRT84FraWHiIUlI6VbYbGE0SIMZDZhWQRKk/k1byDjMxY+av/XvNeb2xTxImjU62lzlOqverD6JanJo7dLfCkWr6qmilxsKqyU8WNPa9YsVisy3JsNHaW6sDJkxPsdWsepgiGXHGRuLijRu6bAU9keimLifKFOeJwH5vE9Ov8DWDue0FeloKs/AD9ZUlGvQAAAA==[0m[Pipeline] // node
[2024-08-07T17:37:32.077Z] [8mha:////4Nt3X2fFlyMn0XaJC3Qeb/tV/Gzp3wZd+CmBpmB5v17zAAAAox+LCAAAAAAAAP9tjTEOwjAQBDdBFLSUPMKRgA5R0VppeIFJjHFi3QX7QlLxIr7GH4iIRMVWO9PM641lijhydKqx1HpKlVdd6N301MCxvQYeVMMXVTElDlaVdii5tqcZSxaLeVmOhcbKUhU4eXKCtW7MwxTBkCvOEid30Mh9fccTmZ7KYqJ8YYzY3Po6Mf06fwMYu06Q7/aCbPsBe4lug70AAAA=[0m[Pipeline] End of Pipeline
[2024-08-07T17:37:32.125Z] ERROR: script returned exit code 1
[2024-08-07T17:37:32.140Z] Finished: FAILURE
