[2024-08-07T17:22:11.468Z] Started by upstream project "[8mha:////4A/E52RjMSjLV50XsoQCjcKoZBMRkYiZefpF8TcedqcoAAAApB+LCAAAAAAAAP9b85aBtbiIQTGjNKU4P08vOT+vOD8nVc83PyU1x6OyILUoJzMv2y+/JJUBAhiZGBgqihhk0NSjKDWzXb3RdlLBUSYGJk8GtpzUvPSSDB8G5tKinBIGIZ+sxLJE/ZzEvHT94JKizLx0a6BxUmjGOUNodHsLgAzhEgZJ/az8JP2CzIJUoI2p8QYG8bmJeYnpqUX6AMBJpHLOAAAA[0mpipeline_00_manager" build number [8mha:////4BDy2xPlBI2jiulTVRn8lrtUwbxdevs0BXkYDl+gORZuAAAAph+LCAAAAAAAAP9b85aBtbiIQTGjNKU4P08vOT+vOD8nVc83PyU1x6OyILUoJzMv2y+/JJUBAhiZGBgqihhk0NSjKDWzXb3RdlLBUSYGJk8GtpzUvPSSDB8G5tKinBIGIZ+sxLJE/ZzEvHT94JKizLx0a6BxUmjGOUNodHsLgAymEgZp/az8JP2CzIJUoI2p8QYG8bmJeYnpqUX6RiYAHnEVqtAAAAA=[0m24
[2024-08-07T17:22:11.468Z] originally caused by:
[2024-08-07T17:22:11.468Z]  Started by remote host 192.168.65.1
[2024-08-07T17:22:12.269Z] Obtained jenkins_pipelines/Jenkinsfile_01_Spellcheck from git https://github.com/orinahum/Jenkins_Pipeline_Task.git
[2024-08-07T17:22:12.307Z] org.codehaus.groovy.control.MultipleCompilationErrorsException: startup failed:
[2024-08-07T17:22:12.307Z] WorkflowScript: 44: expecting '}', found '' @ line 44, column 1.
[2024-08-07T17:22:12.307Z] 1 error
[2024-08-07T17:22:12.307Z] 
[2024-08-07T17:22:12.307Z] 	at org.codehaus.groovy.control.ErrorCollector.failIfErrors(ErrorCollector.java:309)
[2024-08-07T17:22:12.307Z] 	at org.codehaus.groovy.control.ErrorCollector.addFatalError(ErrorCollector.java:149)
[2024-08-07T17:22:12.307Z] 	at org.codehaus.groovy.control.ErrorCollector.addError(ErrorCollector.java:119)
[2024-08-07T17:22:12.307Z] 	at org.codehaus.groovy.control.ErrorCollector.addError(ErrorCollector.java:131)
[2024-08-07T17:22:12.307Z] 	at org.codehaus.groovy.control.SourceUnit.addError(SourceUnit.java:349)
[2024-08-07T17:22:12.307Z] 	at org.codehaus.groovy.antlr.AntlrParserPlugin.transformCSTIntoAST(AntlrParserPlugin.java:225)
[2024-08-07T17:22:12.307Z] 	at org.codehaus.groovy.antlr.AntlrParserPlugin.parseCST(AntlrParserPlugin.java:191)
[2024-08-07T17:22:12.307Z] 	at org.codehaus.groovy.control.SourceUnit.parse(SourceUnit.java:233)
[2024-08-07T17:22:12.307Z] 	at org.codehaus.groovy.control.CompilationUnit$1.call(CompilationUnit.java:189)
[2024-08-07T17:22:12.307Z] 	at org.codehaus.groovy.control.CompilationUnit.applyToSourceUnits(CompilationUnit.java:966)
[2024-08-07T17:22:12.307Z] 	at org.codehaus.groovy.control.CompilationUnit.doPhaseOperation(CompilationUnit.java:626)
[2024-08-07T17:22:12.307Z] 	at org.codehaus.groovy.control.CompilationUnit.processPhaseOperations(CompilationUnit.java:602)
[2024-08-07T17:22:12.307Z] 	at org.codehaus.groovy.control.CompilationUnit.compile(CompilationUnit.java:579)
[2024-08-07T17:22:12.307Z] 	at groovy.lang.GroovyClassLoader.doParseClass(GroovyClassLoader.java:323)
[2024-08-07T17:22:12.307Z] 	at groovy.lang.GroovyClassLoader.parseClass(GroovyClassLoader.java:293)
[2024-08-07T17:22:12.307Z] 	at org.jenkinsci.plugins.scriptsecurity.sandbox.groovy.GroovySandbox$Scope.parse(GroovySandbox.java:163)
[2024-08-07T17:22:12.307Z] 	at org.jenkinsci.plugins.workflow.cps.CpsGroovyShell.doParse(CpsGroovyShell.java:190)
[2024-08-07T17:22:12.307Z] 	at org.jenkinsci.plugins.workflow.cps.CpsGroovyShell.reparse(CpsGroovyShell.java:175)
[2024-08-07T17:22:12.307Z] 	at org.jenkinsci.plugins.workflow.cps.CpsFlowExecution.parseScript(CpsFlowExecution.java:635)
[2024-08-07T17:22:12.307Z] 	at org.jenkinsci.plugins.workflow.cps.CpsFlowExecution.start(CpsFlowExecution.java:581)
[2024-08-07T17:22:12.307Z] 	at org.jenkinsci.plugins.workflow.job.WorkflowRun.run(WorkflowRun.java:335)
[2024-08-07T17:22:12.307Z] 	at hudson.model.ResourceController.execute(ResourceController.java:101)
[2024-08-07T17:22:12.307Z] 	at hudson.model.Executor.run(Executor.java:442)
[2024-08-07T17:22:12.323Z] Finished: FAILURE
